\BOOKMARK [0][-]{Contents.0}{Contents}{}% 1
\BOOKMARK [0][-]{chapter.1}{Introduction}{}% 2
\BOOKMARK [1][-]{section.1.1}{Motivation}{chapter.1}% 3
\BOOKMARK [1][-]{section.1.2}{Research goal}{chapter.1}% 4
\BOOKMARK [1][-]{section.1.3}{Research questions}{chapter.1}% 5
\BOOKMARK [1][-]{section.1.4}{Research approach}{chapter.1}% 6
\BOOKMARK [1][-]{section.1.5}{Thesis structure}{chapter.1}% 7
\BOOKMARK [0][-]{chapter.2}{Background}{}% 8
\BOOKMARK [1][-]{section.2.1}{Microservices}{chapter.2}% 9
\BOOKMARK [2][-]{subsection.2.1.1}{Overview}{section.2.1}% 10
\BOOKMARK [2][-]{subsection.2.1.2}{Technical characteristics}{section.2.1}% 11
\BOOKMARK [2][-]{subsection.2.1.3}{Organizational characteristics}{section.2.1}% 12
\BOOKMARK [1][-]{section.2.2}{Domain-driven design}{chapter.2}% 13
\BOOKMARK [1][-]{section.2.3}{Microservices sizing}{chapter.2}% 14
\BOOKMARK [2][-]{subsection.2.3.1}{Cutting microservices with domain driven design}{section.2.3}% 15
\BOOKMARK [2][-]{subsection.2.3.2}{Additional factors}{section.2.3}% 16
\BOOKMARK [1][-]{section.2.4}{Cloud computing}{chapter.2}% 17
\BOOKMARK [2][-]{subsection.2.4.1}{Infrastructure}{section.2.4}% 18
\BOOKMARK [2][-]{subsection.2.4.2}{Service models}{section.2.4}% 19
\BOOKMARK [0][-]{chapter.3}{Architectural Qualities}{}% 20
\BOOKMARK [1][-]{section.3.1}{Quality attributes and software architecture}{chapter.3}% 21
\BOOKMARK [1][-]{section.3.2}{Specifying quality attributes}{chapter.3}% 22
\BOOKMARK [2][-]{subsection.3.2.1}{Quality attribute scenarios}{section.3.2}% 23
\BOOKMARK [2][-]{subsection.3.2.2}{ISO 25010}{section.3.2}% 24
\BOOKMARK [1][-]{section.3.3}{Selected quality scenarios}{chapter.3}% 25
\BOOKMARK [1][-]{section.3.4}{Organizational Requirements}{chapter.3}% 26
\BOOKMARK [0][-]{chapter.4}{Trade-offs with microservice architectures}{}% 27
\BOOKMARK [1][-]{section.4.1}{Evaluation of quality scenarios}{chapter.4}% 28
\BOOKMARK [2][-]{subsection.4.1.1}{Performance efficiency}{section.4.1}% 29
\BOOKMARK [2][-]{subsection.4.1.2}{Compatibility}{section.4.1}% 30
\BOOKMARK [2][-]{subsection.4.1.3}{Usability}{section.4.1}% 31
\BOOKMARK [2][-]{subsection.4.1.4}{Reliability}{section.4.1}% 32
\BOOKMARK [2][-]{subsection.4.1.5}{Security}{section.4.1}% 33
\BOOKMARK [2][-]{subsection.4.1.6}{Maintainability}{section.4.1}% 34
\BOOKMARK [2][-]{subsection.4.1.7}{Portability}{section.4.1}% 35
\BOOKMARK [1][-]{section.4.2}{Organizational Requirements}{chapter.4}% 36
\BOOKMARK [1][-]{section.4.3}{Findings}{chapter.4}% 37
\BOOKMARK [0][-]{chapter.5}{Empirical Evaluation}{}% 38
\BOOKMARK [1][-]{section.5.1}{Questionnaire}{chapter.5}% 39
\BOOKMARK [2][-]{subsection.5.1.1}{Structure}{section.5.1}% 40
\BOOKMARK [2][-]{subsection.5.1.2}{Evaluation process}{section.5.1}% 41
\BOOKMARK [2][-]{subsection.5.1.3}{Limitations}{section.5.1}% 42
\BOOKMARK [1][-]{section.5.2}{Results}{chapter.5}% 43
\BOOKMARK [2][-]{subsection.5.2.1}{Architectural qualities}{section.5.2}% 44
\BOOKMARK [2][-]{subsection.5.2.2}{Organizational qualities}{section.5.2}% 45
\BOOKMARK [1][-]{section.5.3}{Discussion}{chapter.5}% 46
\BOOKMARK [0][-]{chapter.6}{Conclusion}{}% 47
\BOOKMARK [1][-]{section.6.1}{Summary}{chapter.6}% 48
\BOOKMARK [1][-]{section.6.2}{Outlook and future work}{chapter.6}% 49
\BOOKMARK [0][-]{chapter*.144}{List of abbreviations}{}% 50
\BOOKMARK [0][-]{section*.145}{List of tables}{}% 51
\BOOKMARK [0][-]{section*.147}{List of figures}{}% 52
\BOOKMARK [0][-]{chapter*.149}{Bibliography}{}% 53
\BOOKMARK [0][-]{section*.150}{Index}{}% 54
\BOOKMARK [0][-]{appendix.A}{Questionnaire}{}% 55
